This is pdfTeX, Version 3.141592653-2.6-1.40.24 (MiKTeX 22.1) (preloaded format=pdflatex 2022.3.4)  11 JUN 2022 19:32
entering extended mode
 restricted \write18 enabled.
 %&-line parsing enabled.
**./TFG.tex
(TFG.tex
LaTeX2e <2021-11-15> patch level 1
L3 programming layer <2022-02-21>
(C:\Users\Usuario\AppData\Local\Programs\MiKTeX\tex/latex/base\article.cls
Document Class: article 2021/10/04 v1.4n Standard LaTeX document class
(C:\Users\Usuario\AppData\Local\Programs\MiKTeX\tex/latex/base\size12.clo
File: size12.clo 2021/10/04 v1.4n Standard LaTeX file (size option)
)
\c@part=\count185
\c@section=\count186
\c@subsection=\count187
\c@subsubsection=\count188
\c@paragraph=\count189
\c@subparagraph=\count190
\c@figure=\count191
\c@table=\count192
\abovecaptionskip=\skip47
\belowcaptionskip=\skip48
\bibindent=\dimen138
)
(C:\Users\Usuario\AppData\Local\Programs\MiKTeX\tex/latex/base\fontenc.sty
Package: fontenc 2021/04/29 v2.0v Standard LaTeX package
)
(C:\Users\Usuario\AppData\Local\Programs\MiKTeX\tex/latex/base\inputenc.sty
Package: inputenc 2021/02/14 v1.3d Input encoding file
\inpenc@prehook=\toks16
\inpenc@posthook=\toks17
)
(C:\Users\Usuario\AppData\Local\Programs\MiKTeX\tex/generic/babel\babel.sty
Package: babel 2022/02/13 3.71 The Babel package
\babel@savecnt=\count193
\U@D=\dimen139
\l@unhyphenated=\language79

(C:\Users\Usuario\AppData\Local\Programs\MiKTeX\tex/generic/babel\txtbabel.def)
\bbl@readstream=\read2
\bbl@dirlevel=\count194
*************************************
* Local config file bblopts.cfg used
*
(C:\Users\Usuario\AppData\Local\Programs\MiKTeX\tex/latex/arabi\bblopts.cfg
File: bblopts.cfg 2005/09/08 v0.1 add Arabic and Farsi to "declared" options of
 babel
)
(C:\Users\Usuario\AppData\Local\Programs\MiKTeX\tex/latex/babel-spanish\spanish
.ldf
Language: spanish.ldf 2021/05/27 v5.0q Spanish support from the babel system
\es@quottoks=\toks18
\es@quotdepth=\count195
Package babel Info: Making " an active character on input line 570.
Package babel Info: Making . an active character on input line 675.
Package babel Info: Making < an active character on input line 722.
Package babel Info: Making > an active character on input line 722.
))
(C:\Users\Usuario\AppData\Local\Programs\MiKTeX\tex/latex/geometry\geometry.sty
Package: geometry 2020/01/02 v5.9 Page Geometry
(C:\Users\Usuario\AppData\Local\Programs\MiKTeX\tex/latex/graphics\keyval.sty
Package: keyval 2014/10/28 v1.15 key=value parser (DPC)
\KV@toks@=\toks19
)
(C:\Users\Usuario\AppData\Local\Programs\MiKTeX\tex/generic/iftex\ifvtex.sty
Package: ifvtex 2019/10/25 v1.7 ifvtex legacy package. Use iftex instead.

(C:\Users\Usuario\AppData\Local\Programs\MiKTeX\tex/generic/iftex\iftex.sty
Package: iftex 2022/02/03 v1.0f TeX engine tests
))
\Gm@cnth=\count196
\Gm@cntv=\count197
\c@Gm@tempcnt=\count198
\Gm@bindingoffset=\dimen140
\Gm@wd@mp=\dimen141
\Gm@odd@mp=\dimen142
\Gm@even@mp=\dimen143
\Gm@layoutwidth=\dimen144
\Gm@layoutheight=\dimen145
\Gm@layouthoffset=\dimen146
\Gm@layoutvoffset=\dimen147
\Gm@dimlist=\toks20

(C:\Users\Usuario\AppData\Local\Programs\MiKTeX\tex/latex/geometry\geometry.cfg
))
(C:\Users\Usuario\AppData\Local\Programs\MiKTeX\tex/latex/caption\caption.sty
Package: caption 2022/02/20 v3.6 Customizing captions (AR)

(C:\Users\Usuario\AppData\Local\Programs\MiKTeX\tex/latex/caption\caption3.sty
Package: caption3 2022/01/07 v2.3 caption3 kernel (AR)
\caption@tempdima=\dimen148
\captionmargin=\dimen149
\caption@leftmargin=\dimen150
\caption@rightmargin=\dimen151
\caption@width=\dimen152
\caption@indent=\dimen153
\caption@parindent=\dimen154
\caption@hangindent=\dimen155
Package caption Info: Standard document class detected.
)
\c@caption@flags=\count199
\c@continuedfloat=\count266
)
(C:\Users\Usuario\AppData\Local\Programs\MiKTeX\tex/latex/tools\indentfirst.sty
Package: indentfirst 1995/11/23 v1.03 Indent first paragraph (DPC)
) (C:\Users\Usuario\AppData\Local\Programs\MiKTeX\tex/latex/graphics\color.sty
Package: color 2021/12/07 v1.3c Standard LaTeX Color (DPC)

(C:\Users\Usuario\AppData\Local\Programs\MiKTeX\tex/latex/graphics-cfg\color.cf
g
File: color.cfg 2016/01/02 v1.6 sample color configuration
)
Package color Info: Driver file: pdftex.def on input line 149.

(C:\Users\Usuario\AppData\Local\Programs\MiKTeX\tex/latex/graphics-def\pdftex.d
ef
File: pdftex.def 2020/10/05 v1.2a Graphics/color driver for pdftex
))
(C:\Users\Usuario\AppData\Local\Programs\MiKTeX\tex/latex/xcolor\xcolor.sty
Package: xcolor 2021/10/31 v2.13 LaTeX color extensions (UK)

(C:\Users\Usuario\AppData\Local\Programs\MiKTeX\tex/latex/graphics-cfg\color.cf
g
File: color.cfg 2016/01/02 v1.6 sample color configuration
)
Package xcolor Info: Driver file: pdftex.def on input line 227.

(C:\Users\Usuario\AppData\Local\Programs\MiKTeX\tex/latex/colortbl\colortbl.sty
Package: colortbl 2020/01/04 v1.0e Color table columns (DPC)
(C:\Users\Usuario\AppData\Local\Programs\MiKTeX\tex/latex/tools\array.sty
Package: array 2021/10/04 v2.5f Tabular extension package (FMi)
\col@sep=\dimen156
\ar@mcellbox=\box50
\extrarowheight=\dimen157
\NC@list=\toks21
\extratabsurround=\skip49
\backup@length=\skip50
\ar@cellbox=\box51
)
\everycr=\toks22
\minrowclearance=\skip51
)
LaTeX Info: Redefining \color on input line 711.
\rownum=\count267
Package xcolor Info: Model `cmy' substituted by `cmy0' on input line 1352.
Package xcolor Info: Model `hsb' substituted by `rgb' on input line 1356.
Package xcolor Info: Model `RGB' extended on input line 1368.
Package xcolor Info: Model `HTML' substituted by `rgb' on input line 1370.
Package xcolor Info: Model `Hsb' substituted by `hsb' on input line 1371.
Package xcolor Info: Model `tHsb' substituted by `hsb' on input line 1372.
Package xcolor Info: Model `HSB' substituted by `hsb' on input line 1373.
Package xcolor Info: Model `Gray' substituted by `gray' on input line 1374.
Package xcolor Info: Model `wave' substituted by `hsb' on input line 1375.
)
(C:\Users\Usuario\AppData\Local\Programs\MiKTeX\tex/latex/float\float.sty
Package: float 2001/11/08 v1.3d Float enhancements (AL)
\c@float@type=\count268
\float@exts=\toks23
\float@box=\box52
\@float@everytoks=\toks24
\@floatcapt=\box53
)
(C:\Users\Usuario\AppData\Local\Programs\MiKTeX\tex/latex/graphics\graphicx.sty
Package: graphicx 2021/09/16 v1.2d Enhanced LaTeX Graphics (DPC,SPQR)

(C:\Users\Usuario\AppData\Local\Programs\MiKTeX\tex/latex/graphics\graphics.sty
Package: graphics 2021/03/04 v1.4d Standard LaTeX Graphics (DPC,SPQR)
(C:\Users\Usuario\AppData\Local\Programs\MiKTeX\tex/latex/graphics\trig.sty
Package: trig 2021/08/11 v1.11 sin cos tan (DPC)
)
(C:\Users\Usuario\AppData\Local\Programs\MiKTeX\tex/latex/graphics-cfg\graphics
.cfg
File: graphics.cfg 2016/06/04 v1.11 sample graphics configuration
)
Package graphics Info: Driver file: pdftex.def on input line 107.
)
\Gin@req@height=\dimen158
\Gin@req@width=\dimen159
)
(C:\Users\Usuario\AppData\Local\Programs\MiKTeX\tex/latex/amsmath\amsmath.sty
Package: amsmath 2021/10/15 v2.17l AMS math features
\@mathmargin=\skip52

For additional information on amsmath, use the `?' option.
(C:\Users\Usuario\AppData\Local\Programs\MiKTeX\tex/latex/amsmath\amstext.sty
Package: amstext 2021/08/26 v2.01 AMS text

(C:\Users\Usuario\AppData\Local\Programs\MiKTeX\tex/latex/amsmath\amsgen.sty
File: amsgen.sty 1999/11/30 v2.0 generic functions
\@emptytoks=\toks25
\ex@=\dimen160
))
(C:\Users\Usuario\AppData\Local\Programs\MiKTeX\tex/latex/amsmath\amsbsy.sty
Package: amsbsy 1999/11/29 v1.2d Bold Symbols
\pmbraise@=\dimen161
)
(C:\Users\Usuario\AppData\Local\Programs\MiKTeX\tex/latex/amsmath\amsopn.sty
Package: amsopn 2021/08/26 v2.02 operator names
)
\inf@bad=\count269
LaTeX Info: Redefining \frac on input line 234.
\uproot@=\count270
\leftroot@=\count271
LaTeX Info: Redefining \overline on input line 399.
\classnum@=\count272
\DOTSCASE@=\count273
LaTeX Info: Redefining \ldots on input line 496.
LaTeX Info: Redefining \dots on input line 499.
LaTeX Info: Redefining \cdots on input line 620.
\Mathstrutbox@=\box54
\strutbox@=\box55
\big@size=\dimen162
LaTeX Font Info:    Redeclaring font encoding OML on input line 743.
LaTeX Font Info:    Redeclaring font encoding OMS on input line 744.
\macc@depth=\count274
\c@MaxMatrixCols=\count275
\dotsspace@=\muskip16
\c@parentequation=\count276
\dspbrk@lvl=\count277
\tag@help=\toks26
\row@=\count278
\column@=\count279
\maxfields@=\count280
\andhelp@=\toks27
\eqnshift@=\dimen163
\alignsep@=\dimen164
\tagshift@=\dimen165
\tagwidth@=\dimen166
\totwidth@=\dimen167
\lineht@=\dimen168
\@envbody=\toks28
\multlinegap=\skip53
\multlinetaggap=\skip54
\mathdisplay@stack=\toks29
LaTeX Info: Redefining \[ on input line 2938.
LaTeX Info: Redefining \] on input line 2939.
)
(C:\Users\Usuario\AppData\Local\Programs\MiKTeX\tex/latex/amsfonts\amssymb.sty
Package: amssymb 2013/01/14 v3.01 AMS font symbols

(C:\Users\Usuario\AppData\Local\Programs\MiKTeX\tex/latex/amsfonts\amsfonts.sty
Package: amsfonts 2013/01/14 v3.01 Basic AMSFonts support
\symAMSa=\mathgroup4
\symAMSb=\mathgroup5
LaTeX Font Info:    Redeclaring math symbol \hbar on input line 98.
LaTeX Font Info:    Overwriting math alphabet `\mathfrak' in version `bold'
(Font)                  U/euf/m/n --> U/euf/b/n on input line 106.
))
(C:\Users\Usuario\AppData\Local\Programs\MiKTeX\tex/latex/tools\enumerate.sty
Package: enumerate 2015/07/23 v3.00 enumerate extensions (DPC)
\@enLab=\toks30
)
(C:\Users\Usuario\AppData\Local\Programs\MiKTeX\tex/latex/fancyhdr\fancyhdr.sty
Package: fancyhdr 2021/01/28 v4.0.1 Extensive control of page headers and foote
rs
\f@nch@headwidth=\skip55
\f@nch@O@elh=\skip56
\f@nch@O@erh=\skip57
\f@nch@O@olh=\skip58
\f@nch@O@orh=\skip59
\f@nch@O@elf=\skip60
\f@nch@O@erf=\skip61
\f@nch@O@olf=\skip62
\f@nch@O@orf=\skip63
)
(C:\Users\Usuario\AppData\Local\Programs\MiKTeX\tex/latex/hyperref\hyperref.sty
Package: hyperref 2021-06-07 v7.00m Hypertext links for LaTeX

(C:\Users\Usuario\AppData\Local\Programs\MiKTeX\tex/generic/ltxcmds\ltxcmds.sty
Package: ltxcmds 2020-05-10 v1.25 LaTeX kernel commands for general use (HO)
)
(C:\Users\Usuario\AppData\Local\Programs\MiKTeX\tex/generic/pdftexcmds\pdftexcm
ds.sty
Package: pdftexcmds 2020-06-27 v0.33 Utility functions of pdfTeX for LuaTeX (HO
)

(C:\Users\Usuario\AppData\Local\Programs\MiKTeX\tex/generic/infwarerr\infwarerr
.sty
Package: infwarerr 2019/12/03 v1.5 Providing info/warning/error messages (HO)
)
Package pdftexcmds Info: \pdf@primitive is available.
Package pdftexcmds Info: \pdf@ifprimitive is available.
Package pdftexcmds Info: \pdfdraftmode found.
)
(C:\Users\Usuario\AppData\Local\Programs\MiKTeX\tex/generic/kvsetkeys\kvsetkeys
.sty
Package: kvsetkeys 2019/12/15 v1.18 Key value parser (HO)
)
(C:\Users\Usuario\AppData\Local\Programs\MiKTeX\tex/generic/kvdefinekeys\kvdefi
nekeys.sty
Package: kvdefinekeys 2019-12-19 v1.6 Define keys (HO)
)
(C:\Users\Usuario\AppData\Local\Programs\MiKTeX\tex/generic/pdfescape\pdfescape
.sty
Package: pdfescape 2019/12/09 v1.15 Implements pdfTeX's escape features (HO)
)
(C:\Users\Usuario\AppData\Local\Programs\MiKTeX\tex/latex/hycolor\hycolor.sty
Package: hycolor 2020-01-27 v1.10 Color options for hyperref/bookmark (HO)
)
(C:\Users\Usuario\AppData\Local\Programs\MiKTeX\tex/latex/letltxmacro\letltxmac
ro.sty
Package: letltxmacro 2019/12/03 v1.6 Let assignment for LaTeX macros (HO)
)
(C:\Users\Usuario\AppData\Local\Programs\MiKTeX\tex/latex/auxhook\auxhook.sty
Package: auxhook 2019-12-17 v1.6 Hooks for auxiliary files (HO)
)
(C:\Users\Usuario\AppData\Local\Programs\MiKTeX\tex/latex/kvoptions\kvoptions.s
ty
Package: kvoptions 2020-10-07 v3.14 Key value format for package options (HO)
)
\@linkdim=\dimen169
\Hy@linkcounter=\count281
\Hy@pagecounter=\count282

(C:\Users\Usuario\AppData\Local\Programs\MiKTeX\tex/latex/hyperref\pd1enc.def
File: pd1enc.def 2021-06-07 v7.00m Hyperref: PDFDocEncoding definition (HO)
Now handling font encoding PD1 ...
... no UTF-8 mapping file for font encoding PD1
)
(C:\Users\Usuario\AppData\Local\Programs\MiKTeX\tex/latex/hyperref\hyperref-lan
gpatches.def
File: hyperref-langpatches.def 2021-06-07 v7.00m Hyperref: patches for babel la
nguages
)
(C:\Users\Usuario\AppData\Local\Programs\MiKTeX\tex/generic/intcalc\intcalc.sty
Package: intcalc 2019/12/15 v1.3 Expandable calculations with integers (HO)
)
(C:\Users\Usuario\AppData\Local\Programs\MiKTeX\tex/generic/etexcmds\etexcmds.s
ty
Package: etexcmds 2019/12/15 v1.7 Avoid name clashes with e-TeX commands (HO)
)
\Hy@SavedSpaceFactor=\count283

(C:\Users\Usuario\AppData\Local\Programs\MiKTeX\tex/latex/hyperref\puenc.def
File: puenc.def 2021-06-07 v7.00m Hyperref: PDF Unicode definition (HO)
Now handling font encoding PU ...
... no UTF-8 mapping file for font encoding PU
)
Package hyperref Info: Hyper figures OFF on input line 4192.
Package hyperref Info: Link nesting OFF on input line 4197.
Package hyperref Info: Hyper index ON on input line 4200.
Package hyperref Info: Plain pages OFF on input line 4207.
Package hyperref Info: Backreferencing OFF on input line 4212.
Package hyperref Info: Implicit mode ON; LaTeX internals redefined.
Package hyperref Info: Bookmarks ON on input line 4445.
\c@Hy@tempcnt=\count284

(C:\Users\Usuario\AppData\Local\Programs\MiKTeX\tex/latex/url\url.sty
\Urlmuskip=\muskip17
Package: url 2013/09/16  ver 3.4  Verb mode for urls, etc.
)
LaTeX Info: Redefining \url on input line 4804.
\XeTeXLinkMargin=\dimen170

(C:\Users\Usuario\AppData\Local\Programs\MiKTeX\tex/generic/bitset\bitset.sty
Package: bitset 2019/12/09 v1.3 Handle bit-vector datatype (HO)

(C:\Users\Usuario\AppData\Local\Programs\MiKTeX\tex/generic/bigintcalc\bigintca
lc.sty
Package: bigintcalc 2019/12/15 v1.5 Expandable calculations on big integers (HO
)
))
\Fld@menulength=\count285
\Field@Width=\dimen171
\Fld@charsize=\dimen172
Package hyperref Info: Hyper figures OFF on input line 6076.
Package hyperref Info: Link nesting OFF on input line 6081.
Package hyperref Info: Hyper index ON on input line 6084.
Package hyperref Info: backreferencing OFF on input line 6091.
Package hyperref Info: Link coloring OFF on input line 6096.
Package hyperref Info: Link coloring with OCG OFF on input line 6101.
Package hyperref Info: PDF/A mode OFF on input line 6106.
LaTeX Info: Redefining \ref on input line 6146.
LaTeX Info: Redefining \pageref on input line 6150.

(C:\Users\Usuario\AppData\Local\Programs\MiKTeX\tex/latex/base\atbegshi-ltx.sty
Package: atbegshi-ltx 2021/01/10 v1.0c Emulation of the original atbegshi
package with kernel methods
)
\Hy@abspage=\count286
\c@Item=\count287
\c@Hfootnote=\count288
)
Package hyperref Info: Driver (autodetected): hpdftex.

(C:\Users\Usuario\AppData\Local\Programs\MiKTeX\tex/latex/hyperref\hpdftex.def
File: hpdftex.def 2021-06-07 v7.00m Hyperref driver for pdfTeX

(C:\Users\Usuario\AppData\Local\Programs\MiKTeX\tex/latex/base\atveryend-ltx.st
y
Package: atveryend-ltx 2020/08/19 v1.0a Emulation of the original atveryend pac
kage
with kernel methods
)
\Fld@listcount=\count289
\c@bookmark@seq@number=\count290

(C:\Users\Usuario\AppData\Local\Programs\MiKTeX\tex/latex/rerunfilecheck\rerunf
ilecheck.sty
Package: rerunfilecheck 2019/12/05 v1.9 Rerun checks for auxiliary files (HO)

(C:\Users\Usuario\AppData\Local\Programs\MiKTeX\tex/generic/uniquecounter\uniqu
ecounter.sty
Package: uniquecounter 2019/12/15 v1.4 Provide unlimited unique counter (HO)
)
Package uniquecounter Info: New unique counter `rerunfilecheck' on input line 2
86.
)
\Hy@SectionHShift=\skip64
)
(C:\Users\Usuario\AppData\Local\Programs\MiKTeX\tex/latex/pdfpages\pdfpages.sty
Package: pdfpages 2022/01/29 v0.5u Insert pages of external PDF documents (AM)
(C:\Users\Usuario\AppData\Local\Programs\MiKTeX\tex/latex/base\ifthen.sty
Package: ifthen 2020/11/24 v1.1c Standard LaTeX ifthen package (DPC)
)
(C:\Users\Usuario\AppData\Local\Programs\MiKTeX\tex/latex/tools\calc.sty
Package: calc 2017/05/25 v4.3 Infix arithmetic (KKT,FJ)
\calc@Acount=\count291
\calc@Bcount=\count292
\calc@Adimen=\dimen173
\calc@Bdimen=\dimen174
\calc@Askip=\skip65
\calc@Bskip=\skip66
LaTeX Info: Redefining \setlength on input line 80.
LaTeX Info: Redefining \addtolength on input line 81.
\calc@Ccount=\count293
\calc@Cskip=\skip67
)
(C:\Users\Usuario\AppData\Local\Programs\MiKTeX\tex/latex/eso-pic\eso-pic.sty
Package: eso-pic 2020/10/14 v3.0a eso-pic (RN)
\ESO@tempdima=\dimen175
\ESO@tempdimb=\dimen176
)
\AM@pagewidth=\dimen177
\AM@pageheight=\dimen178
\AM@fboxrule=\dimen179

(C:\Users\Usuario\AppData\Local\Programs\MiKTeX\tex/latex/pdfpages\pppdftex.def
File: pppdftex.def 2022/01/29 v0.5u Pdfpages driver for pdfTeX (AM)
)
\pdfpages@includegraphics@status=\count294
\AM@pagebox=\box56
\AM@global@opts=\toks31
\AM@pagecnt=\count295
\AM@toc@title=\toks32
\c@AM@survey=\count296
\AM@templatesizebox=\box57
)
(C:\Users\Usuario\AppData\Local\Programs\MiKTeX\tex/latex/l3backend\l3backend-p
dftex.def
File: l3backend-pdftex.def 2022-02-07 L3 backend support: PDF output (pdfTeX)
\l__color_backend_stack_int=\count297
\l__pdf_internal_box=\box58
) (TFG.aux
LaTeX Info: Redefining \. on input line 25.
LaTeX Info: Redefining \% on input line 25.
)
\openout1 = `TFG.aux'.

LaTeX Font Info:    Checking defaults for OML/cmm/m/it on input line 97.
LaTeX Font Info:    ... okay on input line 97.
LaTeX Font Info:    Checking defaults for OMS/cmsy/m/n on input line 97.
LaTeX Font Info:    ... okay on input line 97.
LaTeX Font Info:    Checking defaults for OT1/cmr/m/n on input line 97.
LaTeX Font Info:    ... okay on input line 97.
LaTeX Font Info:    Checking defaults for T1/cmr/m/n on input line 97.
LaTeX Font Info:    ... okay on input line 97.
LaTeX Font Info:    Checking defaults for TS1/cmr/m/n on input line 97.
LaTeX Font Info:    ... okay on input line 97.
LaTeX Font Info:    Checking defaults for OMX/cmex/m/n on input line 97.
LaTeX Font Info:    ... okay on input line 97.
LaTeX Font Info:    Checking defaults for U/cmr/m/n on input line 97.
LaTeX Font Info:    ... okay on input line 97.
LaTeX Font Info:    Checking defaults for PD1/pdf/m/n on input line 97.
LaTeX Font Info:    ... okay on input line 97.
LaTeX Font Info:    Checking defaults for PU/pdf/m/n on input line 97.
LaTeX Font Info:    ... okay on input line 97.
LaTeX Info: Redefining \. on input line 97.
LaTeX Info: Redefining \% on input line 97.

*geometry* driver: auto-detecting
*geometry* detected driver: pdftex
*geometry* verbose mode - [ preamble ] result:
* driver: pdftex
* paper: a4paper
* layout: <same size as paper>
* layoutoffset:(h,v)=(0.0pt,0.0pt)
* modes: twoside 
* h-part:(L,W,R)=(71.13188pt, 455.24411pt, 71.13188pt)
* v-part:(T,H,B)=(87.63449pt, 625.96062pt, 131.45174pt)
* \paperwidth=597.50787pt
* \paperheight=845.04684pt
* \textwidth=455.24411pt
* \textheight=625.96062pt
* \oddsidemargin=-1.1381pt
* \evensidemargin=-1.1381pt
* \topmargin=-21.6355pt
* \headheight=18.0pt
* \headsep=25.0pt
* \topskip=12.0pt
* \footskip=30.0pt
* \marginparwidth=95.0pt
* \marginparsep=10.0pt
* \columnsep=10.0pt
* \skip\footins=10.8pt plus 4.0pt minus 2.0pt
* \hoffset=0.0pt
* \voffset=0.0pt
* \mag=1000
* \@twocolumnfalse
* \@twosidetrue
* \@mparswitchtrue
* \@reversemarginfalse
* (1in=72.27pt=25.4mm, 1cm=28.453pt)

Package caption Info: Begin \AtBeginDocument code.
Package caption Info: float package is loaded.
Package caption Info: hyperref package is loaded.
Package caption Info: End \AtBeginDocument code.

(C:\Users\Usuario\AppData\Local\Programs\MiKTeX\tex/context/base/mkii\supp-pdf.
mkii
[Loading MPS to PDF converter (version 2006.09.02).]
\scratchcounter=\count298
\scratchdimen=\dimen180
\scratchbox=\box59
\nofMPsegments=\count299
\nofMParguments=\count300
\everyMPshowfont=\toks33
\MPscratchCnt=\count301
\MPscratchDim=\dimen181
\MPnumerator=\count302
\makeMPintoPDFobject=\count303
\everyMPtoPDFconversion=\toks34
)
(C:\Users\Usuario\AppData\Local\Programs\MiKTeX\tex/latex/epstopdf-pkg\epstopdf
-base.sty
Package: epstopdf-base 2020-01-24 v2.11 Base part for package epstopdf
Package epstopdf-base Info: Redefining graphics rule for `.eps' on input line 4
85.

(C:\Users\Usuario\AppData\Local\Programs\MiKTeX\tex/latex/00miktex\epstopdf-sys
.cfg
File: epstopdf-sys.cfg 2021/03/18 v2.0 Configuration of epstopdf for MiKTeX
))
Package hyperref Info: Link coloring OFF on input line 97.

(C:\Users\Usuario\AppData\Local\Programs\MiKTeX\tex/latex/hyperref\nameref.sty
Package: nameref 2021-04-02 v2.47 Cross-referencing by name of section

(C:\Users\Usuario\AppData\Local\Programs\MiKTeX\tex/latex/refcount\refcount.sty
Package: refcount 2019/12/15 v3.6 Data extraction from label references (HO)
)
(C:\Users\Usuario\AppData\Local\Programs\MiKTeX\tex/generic/gettitlestring\gett
itlestring.sty
Package: gettitlestring 2019/12/15 v1.6 Cleanup title references (HO)
)
\c@section@level=\count304
)
LaTeX Info: Redefining \ref on input line 97.
LaTeX Info: Redefining \pageref on input line 97.
LaTeX Info: Redefining \nameref on input line 97.
 (TFG.out) (TFG.out)
\@outlinefile=\write3
\openout3 = `TFG.out'.


(C:\Users\Usuario\AppData\Local\Programs\MiKTeX\tex/latex/pdflscape\pdflscape.s
ty
Package: pdflscape 2019/12/05 v0.12 Display of landscape pages in PDF (HO)

(C:\Users\Usuario\AppData\Local\Programs\MiKTeX\tex/latex/graphics\lscape.sty
Package: lscape 2020/05/28 v3.02 Landscape Pages (DPC)
)
Package pdflscape Info: Auto-detected driver: pdftex on input line 81.
)
<anexo-1-portada-memoria-tfg-matematicas.pdf, id=127, 597.55246pt x 845.07718pt
>
File: anexo-1-portada-memoria-tfg-matematicas.pdf Graphic file (type pdf)
<use anexo-1-portada-memoria-tfg-matematicas.pdf>
Package pdftex.def Info: anexo-1-portada-memoria-tfg-matematicas.pdf  used on i
nput line 99.
(pdftex.def)             Requested size: 597.551pt x 845.07512pt.
File: anexo-1-portada-memoria-tfg-matematicas.pdf Graphic file (type pdf)
<use anexo-1-portada-memoria-tfg-matematicas.pdf>
Package pdftex.def Info: anexo-1-portada-memoria-tfg-matematicas.pdf  used on i
nput line 99.
(pdftex.def)             Requested size: 597.551pt x 845.07512pt.
<anexo-1-portada-memoria-tfg-matematicas.pdf, id=130, page=1, 597.55246pt x 845
.07718pt>
File: anexo-1-portada-memoria-tfg-matematicas.pdf Graphic file (type pdf)
<use anexo-1-portada-memoria-tfg-matematicas.pdf, page 1>
Package pdftex.def Info: anexo-1-portada-memoria-tfg-matematicas.pdf , page1 us
ed on input line 99.
(pdftex.def)             Requested size: 597.551pt x 845.07512pt.
File: anexo-1-portada-memoria-tfg-matematicas.pdf Graphic file (type pdf)
<use anexo-1-portada-memoria-tfg-matematicas.pdf, page 1>
Package pdftex.def Info: anexo-1-portada-memoria-tfg-matematicas.pdf , page1 us
ed on input line 99.
(pdftex.def)             Requested size: 597.57834pt x 845.1138pt.
File: anexo-1-portada-memoria-tfg-matematicas.pdf Graphic file (type pdf)
<use anexo-1-portada-memoria-tfg-matematicas.pdf, page 1>
Package pdftex.def Info: anexo-1-portada-memoria-tfg-matematicas.pdf , page1 us
ed on input line 99.
(pdftex.def)             Requested size: 597.57834pt x 845.1138pt.
File: anexo-1-portada-memoria-tfg-matematicas.pdf Graphic file (type pdf)
<use anexo-1-portada-memoria-tfg-matematicas.pdf, page 1>
Package pdftex.def Info: anexo-1-portada-memoria-tfg-matematicas.pdf , page1 us
ed on input line 99.
(pdftex.def)             Requested size: 597.57834pt x 845.1138pt.
File: anexo-1-portada-memoria-tfg-matematicas.pdf Graphic file (type pdf)
<use anexo-1-portada-memoria-tfg-matematicas.pdf, page 1>
Package pdftex.def Info: anexo-1-portada-memoria-tfg-matematicas.pdf , page1 us
ed on input line 99.
(pdftex.def)             Requested size: 597.57834pt x 845.1138pt.
[1

 <./anexo-1-portada-memoria-tfg-matematicas.pdf>] [2{C:/Users/Usuario/AppData/L
ocal/MiKTeX/fonts/map/pdftex/pdftex.map}] [3] (TFG.toc
LaTeX Info: Redefining \. on input line 1.
LaTeX Info: Redefining \% on input line 1.
LaTeX Font Info:    Trying to load font information for U+msa on input line 3.

(C:\Users\Usuario\AppData\Local\Programs\MiKTeX\tex/latex/amsfonts\umsa.fd
File: umsa.fd 2013/01/14 v3.01 AMS symbols A
)
LaTeX Font Info:    Trying to load font information for U+msb on input line 3.

(C:\Users\Usuario\AppData\Local\Programs\MiKTeX\tex/latex/amsfonts\umsb.fd
File: umsb.fd 2013/01/14 v3.01 AMS symbols B
)
[4])
\tf@toc=\write4
\openout4 = `TFG.toc'.

 [5]
<Intro_01.png, id=213, 337.86224pt x 416.757pt>
File: Intro_01.png Graphic file (type png)
<use Intro_01.png>
Package pdftex.def Info: Intro_01.png  used on input line 163.
(pdftex.def)             Requested size: 182.09486pt x 224.613pt.

Underfull \vbox (badness 10000) has occurred while \output is active []

 [6]
[7 <./Intro_01.png>] [8]
<ex2_1_01.png, id=242, 673.91776pt x 376.40625pt>
File: ex2_1_01.png Graphic file (type png)
<use ex2_1_01.png>
Package pdftex.def Info: ex2_1_01.png  used on input line 202.
(pdftex.def)             Requested size: 318.66948pt x 177.98499pt.
<ex2_1_02.png, id=245, 309.5565pt x 208.98074pt>
File: ex2_1_02.png Graphic file (type png)
<use ex2_1_02.png>
Package pdftex.def Info: ex2_1_02.png  used on input line 212.
(pdftex.def)             Requested size: 227.62206pt x 153.67075pt.
 [9 <./ex2_1_01.png>] [10 <./ex2_1_02.png>]

LaTeX Warning: `h' float specifier changed to `ht'.

[11] [12] [13] [14]
<ex2_2_01.png, id=297, 255.354pt x 154.77824pt>
File: ex2_2_01.png Graphic file (type png)
<use ex2_2_01.png>
Package pdftex.def Info: ex2_2_01.png  used on input line 380.
(pdftex.def)             Requested size: 177.54492pt x 107.61897pt.
 [15 <./ex2_2_01.png>]
<ex2_2_02.png, id=304, 302.3295pt x 206.57175pt>
File: ex2_2_02.png Graphic file (type png)
<use ex2_2_02.png>
Package pdftex.def Info: ex2_2_02.png  used on input line 390.
(pdftex.def)             Requested size: 227.62206pt x 155.52414pt.
 [16 <./ex2_2_02.png>] [17]
Underfull \vbox (badness 6364) has occurred while \output is active []

 [18]
[19]
<ex3_1_01.png, id=328, 867.84225pt x 254.1495pt>
File: ex3_1_01.png Graphic file (type png)
<use ex3_1_01.png>
Package pdftex.def Info: ex3_1_01.png  used on input line 483.
(pdftex.def)             Requested size: 364.19667pt x 106.65674pt.


LaTeX Warning: `h' float specifier changed to `ht'.

[20]
<ex3_1_02.png, id=333, 627.5445pt x 204.16275pt>
File: ex3_1_02.png Graphic file (type png)
<use ex3_1_02.png>
Package pdftex.def Info: ex3_1_02.png  used on input line 496.
(pdftex.def)             Requested size: 364.19667pt x 118.48611pt.
 [21 <./ex3_1_01.png> <./ex3_1_02.png>] [22]
<AdaBoost_01.png, id=348, 649.82774pt x 394.47375pt>
File: AdaBoost_01.png Graphic file (type png)
<use AdaBoost_01.png>
Package pdftex.def Info: AdaBoost_01.png  used on input line 535.
(pdftex.def)             Requested size: 227.62206pt x 138.17622pt.

Underfull \vbox (badness 4752) has occurred while \output is active []

 [23 <./AdaBoost_01.png>] [24]
<AdaBoost_02.png, id=364, 387.4475pt x 265.99374pt>
File: AdaBoost_02.png Graphic file (type png)
<use AdaBoost_02.png>
Package pdftex.def Info: AdaBoost_02.png  used on input line 601.
(pdftex.def)             Requested size: 182.09486pt x 125.01302pt.
 [25 <./AdaBoost_02.png>]

LaTeX Warning: `h' float specifier changed to `ht'.

[26]
<AdaBoost_03.png, id=381, 258.9675pt x 219.219pt>
File: AdaBoost_03.png Graphic file (type png)
<use AdaBoost_03.png>
Package pdftex.def Info: AdaBoost_03.png  used on input line 719.
(pdftex.def)             Requested size: 159.33821pt x 134.88744pt.
<AdaBoost_04.png, id=382, 545.6385pt x 210.18526pt>
File: AdaBoost_04.png Graphic file (type png)
<use AdaBoost_04.png>
Package pdftex.def Info: AdaBoost_04.png  used on input line 727.
(pdftex.def)             Requested size: 227.62206pt x 87.68387pt.
 [27 <./AdaBoost_03.png>]
Overfull \hbox (36.2973pt too wide) detected at line 766
\OML/cmm/m/it/12 w[] \OT1/cmr/m/n/12 = [] \OMS/cmsy/m/n/12 ) \OML/cmm/m/it/12 w
[] \OT1/cmr/m/n/12 = [] \OMS/cmsy/m/n/12 ) \OML/cmm/m/it/12 w[] \OT1/cmr/m/n/12
 = []
 []


LaTeX Warning: `h' float specifier changed to `ht'.


Overfull \hbox (27.93076pt too wide) in paragraph at lines 841--846
 [][] 
 []

[28 <./AdaBoost_04.png>] [29] [30]
<GB_01.png, id=412, 658.25925pt x 522.15076pt>
File: GB_01.png Graphic file (type png)
<use GB_01.png>
Package pdftex.def Info: GB_01.png  used on input line 915.
(pdftex.def)             Requested size: 182.09486pt x 144.44043pt.
 [31 <./GB_01.png>] [32] [33] [34] [35]
Overfull \hbox (25.92278pt too wide) detected at line 1070
[]
 []

[36]
Overfull \hbox (1.93712pt too wide) in paragraph at lines 1085--1086
[]\T1/cmr/m/n/12 Ahora, pa-ra ob-te-ner el $\OML/cmm/m/it/12 $ \T1/cmr/m/n/12 
que mi-ni-mi-za di-cha ex-pre-sión, apro-xi-ma-re-mos $\OML/cmm/m/it/12 L\OT1/c
mr/m/n/12 (\OML/cmm/m/it/12 x[]; f[]\OT1/cmr/m/n/12 (\OML/cmm/m/it/12 x[]\OT1/c
mr/m/n/12 ) +
 []


Overfull \hbox (45.42332pt too wide) detected at line 1088
\OML/cmm/m/it/12 L\OT1/cmr/m/n/12 (\OML/cmm/m/it/12 y[]; f[]\OT1/cmr/m/n/12 (\O
ML/cmm/m/it/12 x[]\OT1/cmr/m/n/12 ) + \OML/cmm/m/it/12 \OT1/cmr/m/n/12 ) \OMS/
cmsy/m/n/12  \OML/cmm/m/it/12 L\OT1/cmr/m/n/12 (\OML/cmm/m/it/12 y[]; f[]\OT1/
cmr/m/n/12 (\OML/cmm/m/it/12 x[]\OT1/cmr/m/n/12 )) + []\OML/cmm/m/it/12 L\OT1/c
mr/m/n/12 (\OML/cmm/m/it/12 y[]; f[]\OT1/cmr/m/n/12 (\OML/cmm/m/it/12 x[]\OT1/c
mr/m/n/12 ))\OML/cmm/m/it/12  \OT1/cmr/m/n/12 + [][]\OML/cmm/m/it/12 L\OT1/cmr
/m/n/12 (\OML/cmm/m/it/12 y[]; f[]\OT1/cmr/m/n/12 (\OML/cmm/m/it/12 x[]\OT1/cmr
/m/n/12 ))\OML/cmm/m/it/12 []
 []


Overfull \hbox (68.84935pt too wide) detected at line 1111
[]
 []

[37] [38]
<XGB_01.png, id=458, 953.5625pt x 910.40125pt>
File: XGB_01.png Graphic file (type png)
<use XGB_01.png>
Package pdftex.def Info: XGB_01.png  used on input line 1157.
(pdftex.def)             Requested size: 273.14923pt x 260.78674pt.

Underfull \vbox (badness 3386) has occurred while \output is active []

 [39 <./XGB_01.png (PNG copy)>] [40] [41]
Overfull \hbox (36.273pt too wide) detected at line 1251
\OMS/cmsy/m/n/12 L[] \OT1/cmr/m/n/12 = [] [] \OMS/cmsy/m/n/12   \OML/cmm/m/it/1
2 
 []

[42] [43] [44]
<LGBM_01.png, id=493, 677.53125pt x 606.265pt>
File: LGBM_01.png Graphic file (type png)
<use LGBM_01.png>
Package pdftex.def Info: LGBM_01.png  used on input line 1345.
(pdftex.def)             Requested size: 182.09486pt x 162.94441pt.
 [45 <./LGBM_01.png>] [46]
<CatBoost_01.png, id=512, 518.53725pt x 198.14024pt>
File: CatBoost_01.png Graphic file (type png)
<use CatBoost_01.png>
Package pdftex.def Info: CatBoost_01.png  used on input line 1402.
(pdftex.def)             Requested size: 273.14923pt x 104.37286pt.
<CatBoost_02.png, id=513, 233.673pt x 215.00325pt>
File: CatBoost_02.png Graphic file (type png)
<use CatBoost_02.png>
Package pdftex.def Info: CatBoost_02.png  used on input line 1412.
(pdftex.def)             Requested size: 136.57462pt x 125.65993pt.
<CatBoost_03.png, id=514, 227.04825pt x 213.1965pt>
File: CatBoost_03.png Graphic file (type png)
<use CatBoost_03.png>
Package pdftex.def Info: CatBoost_03.png  used on input line 1419.
(pdftex.def)             Requested size: 136.57462pt x 128.24094pt.
 [47 <./CatBoost_01.png> <./CatBoost_02.png>]
<CatBoost_04.png, id=523, 227.04825pt x 218.61674pt>
File: CatBoost_04.png Graphic file (type png)
<use CatBoost_04.png>
Package pdftex.def Info: CatBoost_04.png  used on input line 1438.
(pdftex.def)             Requested size: 136.57462pt x 131.5013pt.
 [48 <./CatBoost_03.png> <./CatBoost_04.png>]
<CatBoost_05.png, id=532, 227.04825pt x 213.1965pt>
File: CatBoost_05.png Graphic file (type png)
<use CatBoost_05.png>
Package pdftex.def Info: CatBoost_05.png  used on input line 1451.
(pdftex.def)             Requested size: 136.57462pt x 128.24094pt.
<CatBoost_06.png, id=533, 468.5505pt x 141.52875pt>
File: CatBoost_06.png Graphic file (type png)
<use CatBoost_06.png>
Package pdftex.def Info: CatBoost_06.png  used on input line 1462.
(pdftex.def)             Requested size: 318.66948pt x 96.25986pt.
 [49 <./CatBoost_05.png> <./CatBoost_06.png>]
<ex_boost_01.png, id=545, 943.72575pt x 520.344pt>
File: ex_boost_01.png Graphic file (type png)
<use ex_boost_01.png>
Package pdftex.def Info: ex_boost_01.png  used on input line 1477.
(pdftex.def)             Requested size: 455.24411pt x 251.00882pt.
 [50 <./ex_boost_01.png>]
<ex_boost_02.png, id=552, 315.579pt x 209.583pt>
File: ex_boost_02.png Graphic file (type png)
<use ex_boost_02.png>
Package pdftex.def Info: ex_boost_02.png  used on input line 1487.
(pdftex.def)             Requested size: 227.62206pt x 151.16826pt.
 [51 <./ex_boost_02.png>]
<Conc_01.png, id=559, 222.23026pt x 189.70876pt>
File: Conc_01.png Graphic file (type png)
<use Conc_01.png>
Package pdftex.def Info: Conc_01.png  used on input line 1533.
(pdftex.def)             Requested size: 182.09486pt x 155.45218pt.
<Conc_02.png, id=560, 1018.40475pt x 242.1045pt>
File: Conc_02.png Graphic file (type png)
<use Conc_02.png>
Package pdftex.def Info: Conc_02.png  used on input line 1540.
(pdftex.def)             Requested size: 455.24411pt x 108.22565pt.
 [52 <./Conc_01.png> <./Conc_02.png>]
<Conc_03.png, id=568, 722.09775pt x 363.759pt>
File: Conc_03.png Graphic file (type png)
<use Conc_03.png>
Package pdftex.def Info: Conc_03.png  used on input line 1551.
(pdftex.def)             Requested size: 455.24411pt x 229.33035pt.
 [53 <./Conc_03.png>] [54]
LaTeX Font Info:    Trying to load font information for T1+cmtt on input line 1
593.

(C:\Users\Usuario\AppData\Local\Programs\MiKTeX\tex/latex/base\t1cmtt.fd
File: t1cmtt.fd 2019/12/16 v2.5j Standard LaTeX font definitions
)
<Kedro.png, id=587, 1025.0295pt x 358.941pt>
File: Kedro.png Graphic file (type png)
<use Kedro.png>
Package pdftex.def Info: Kedro.png  used on input line 1598.
(pdftex.def)             Requested size: 455.24411pt x 159.41878pt.

Overfull \hbox (28.84201pt too wide) in paragraph at lines 1625--1638
 [][] 
 []

[55 <./Kedro.png>] [56]
Underfull \hbox (badness 10000) in paragraph at lines 1693--1694
\T1/cmr/m/n/12 Ma-chi-ne Lear-ning Com-pe-ti-tion?. []$\T1/cmtt/m/n/12 https : 
/ / medium . com / syncedreview /
 []


Overfull \hbox (167.25946pt too wide) in paragraph at lines 1693--1694
\T1/cmtt/m/n/12 tree-[]boosting-[]with-[]xgboost-[]why-[]does-[]xgboost-[]win-[
]every-[]machine-[]learning-[]competition-[]ca8034c0b283$[]
 []


Underfull \hbox (badness 6173) in paragraph at lines 1695--1696
[]\T1/cmr/m/n/12 Mandot, P., What is LightGBM, How to im-ple-ment it? How to fi
-
 []


Underfull \hbox (badness 10000) in paragraph at lines 1695--1696
\T1/cmr/m/n/12 ne tu-ne the pa-ra-me-ters?. []$\T1/cmtt/m/n/12 https : / / medi
um . com / @pushkarmandot /
 []


Overfull \hbox (274.70883pt too wide) in paragraph at lines 1695--1696
\T1/cmtt/m/n/12 https-[]medium-[]com-[]pushkarmandot-[]what-[]is-[]lightgbm-[]h
ow-[]to-[]implement-[]it-[]how-[]to-[]fine-[]tune-[]the-[]parameters-[]60347819
b7fc$[]
 []

[57]
Underfull \hbox (badness 10000) in paragraph at lines 1697--1698
[]\T1/cmr/m/n/12 Segura, T., ``Cat-Boost Al-go-rithm'' ex-plai-ned in 200 words
. []$\T1/cmtt/m/n/12 https :
 []

[58] (TFG.aux
LaTeX Info: Redefining \. on input line 25.
LaTeX Info: Redefining \% on input line 25.
)
Package rerunfilecheck Info: File `TFG.out' has not changed.
(rerunfilecheck)             Checksum: 624E2469B05FC12C5D42C650019E0892;5128.
 ) 
Here is how much of TeX's memory you used:
 14985 strings out of 478584
 241700 string characters out of 2843458
 554807 words of memory out of 3000000
 32791 multiletter control sequences out of 15000+600000
 484726 words of font info for 61 fonts, out of 8000000 for 9000
 1141 hyphenation exceptions out of 8191
 60i,18n,64p,1328b,669s stack positions out of 5000i,500n,10000p,200000b,80000s
 <C:\Users\Usuario\AppData\Local\MiKTeX\fonts/pk/ljfour/jknappen/ec/dpi600\ec
tt1200.pk> <C:\Users\Usuario\AppData\Local\MiKTeX\fonts/pk/ljfour/jknappen/ec/d
pi600\ecbi1200.pk> <C:\Users\Usuario\AppData\Local\MiKTeX\fonts/pk/ljfour/jknap
pen/ec/dpi600\ecrm0800.pk> <C:\Users\Usuario\AppData\Local\MiKTeX\fonts/pk/ljfo
ur/jknappen/ec/dpi600\ecbx1440.pk> <C:\Users\Usuario\AppData\Local\MiKTeX\fonts
/pk/ljfour/jknappen/ec/dpi600\ecrm1200.pk> <C:\Users\Usuario\AppData\Local\MiKT
eX\fonts/pk/ljfour/jknappen/ec/dpi600\ecbx1200.pk> <C:\Users\Usuario\AppData\Lo
cal\MiKTeX\fonts/pk/ljfour/jknappen/ec/dpi600\ecti1200.pk> <C:\Users\Usuario\Ap
pData\Local\MiKTeX\fonts/pk/ljfour/jknappen/ec/dpi600\ecbx1728.pk> <C:\Users\Us
uario\AppData\Local\MiKTeX\fonts/pk/ljfour/jknappen/ec/dpi600\ecsl1095.pk><C:/U
sers/Usuario/AppData/Local/Programs/MiKTeX/fonts/type1/public/amsfonts/cm/cmex1
0.pfb><C:/Users/Usuario/AppData/Local/Programs/MiKTeX/fonts/type1/public/amsfon
ts/cmextra/cmex8.pfb><C:/Users/Usuario/AppData/Local/Programs/MiKTeX/fonts/type
1/public/amsfonts/cm/cmmi12.pfb><C:/Users/Usuario/AppData/Local/Programs/MiKTeX
/fonts/type1/public/amsfonts/cm/cmmi6.pfb><C:/Users/Usuario/AppData/Local/Progr
ams/MiKTeX/fonts/type1/public/amsfonts/cm/cmmi8.pfb><C:/Users/Usuario/AppData/L
ocal/Programs/MiKTeX/fonts/type1/public/amsfonts/cm/cmr12.pfb><C:/Users/Usuario
/AppData/Local/Programs/MiKTeX/fonts/type1/public/amsfonts/cm/cmr6.pfb><C:/User
s/Usuario/AppData/Local/Programs/MiKTeX/fonts/type1/public/amsfonts/cm/cmr8.pfb
><C:/Users/Usuario/AppData/Local/Programs/MiKTeX/fonts/type1/public/amsfonts/cm
/cmsy10.pfb><C:/Users/Usuario/AppData/Local/Programs/MiKTeX/fonts/type1/public/
amsfonts/cm/cmsy6.pfb><C:/Users/Usuario/AppData/Local/Programs/MiKTeX/fonts/typ
e1/public/amsfonts/cm/cmsy8.pfb><C:/Users/Usuario/AppData/Local/Programs/MiKTeX
/fonts/type1/public/amsfonts/symbols/msam10.pfb><C:/Users/Usuario/AppData/Local
/Programs/MiKTeX/fonts/type1/public/amsfonts/symbols/msbm10.pfb>
Output written on TFG.pdf (58 pages, 2252517 bytes).
PDF statistics:
 1126 PDF objects out of 1200 (max. 8388607)
 158 named destinations out of 1000 (max. 500000)
 399 words of extra memory for PDF output out of 10000 (max. 10000000)

